<?xml version="1.0" encoding="UTF-8"?>
<!-- Generated by org.testng.reporters.JUnitXMLReporter -->
<testsuite hostname="ralane-mn1" name="Test" tests="1" failures="0" timestamp="14 Dec 2015 17:59:51 GMT" time="0.127" errors="0">
  <testcase name="@BeforeMethod mandatorySetup" time="0.0" classname="tests.AndroidTest">
    <failure type="java.io.IOException" message="Cannot run program &amp;quot;node&amp;quot;: error=2, No such file or directory">
      <![CDATA[java.io.IOException: Cannot run program "node": error=2, No such file or directory
	at java.lang.ProcessBuilder.start(ProcessBuilder.java:1048)
	at java.lang.Runtime.exec(Runtime.java:620)
	at java.lang.Runtime.exec(Runtime.java:450)
	at java.lang.Runtime.exec(Runtime.java:347)
	at fwk.AppiumServer.startAppiumServer(AppiumServer.java:11)
	at fwk.BaseTest.initDriver(BaseTest.java:65)
	at fwk.BaseTest.mandatorySetup(BaseTest.java:30)
	at java.util.concurrent.ThreadPoolExecutor.runWorker(ThreadPoolExecutor.java:1142)
	at java.util.concurrent.ThreadPoolExecutor$Worker.run(ThreadPoolExecutor.java:617)
	at java.lang.Thread.run(Thread.java:745)
Caused by: java.io.IOException: error=2, No such file or directory
	at java.lang.UNIXProcess.forkAndExec(Native Method)
	at java.lang.UNIXProcess.<init>(UNIXProcess.java:248)
	at java.lang.ProcessImpl.start(ProcessImpl.java:134)
	at java.lang.ProcessBuilder.start(ProcessBuilder.java:1029)
	... 21 more
... Removed 12 stack frames]]>
    </failure>
  </testcase> <!-- @BeforeMethod mandatorySetup -->
  <testcase name="testAndroidApp" time="0.0" classname="tests.AndroidTest">
    <skipped/>
  </testcase> <!-- testAndroidApp -->
</testsuite> <!-- Test -->
